[0.047s] Invoking command in '/home/ros2/vscode/homework1_ws/src/CppPkg/build/CppPkg': CMAKE_PREFIX_PATH=/opt/ros/humble /usr/bin/cmake /home/ros2/vscode/homework1_ws/src/CppPkg -DCMAKE_INSTALL_PREFIX=/home/ros2/vscode/homework1_ws/src/CppPkg/install/CppPkg
[0.128s] -- Found ament_cmake: 1.3.12 (/opt/ros/humble/share/ament_cmake/cmake)
[0.563s] -- Found rclcpp: 16.0.17 (/opt/ros/humble/share/rclcpp/cmake)
[0.635s] -- Found rosidl_generator_c: 3.1.8 (/opt/ros/humble/share/rosidl_generator_c/cmake)
[0.646s] -- Found rosidl_adapter: 3.1.8 (/opt/ros/humble/share/rosidl_adapter/cmake)
[0.665s] -- Found rosidl_generator_cpp: 3.1.8 (/opt/ros/humble/share/rosidl_generator_cpp/cmake)
[0.693s] -- Using all available rosidl_typesupport_c: rosidl_typesupport_fastrtps_c;rosidl_typesupport_introspection_c
[0.725s] -- Using all available rosidl_typesupport_cpp: rosidl_typesupport_fastrtps_cpp;rosidl_typesupport_introspection_cpp
[0.798s] -- Found rmw_implementation_cmake: 6.1.2 (/opt/ros/humble/share/rmw_implementation_cmake/cmake)
[0.802s] -- Found rmw_fastrtps_cpp: 6.2.9 (/opt/ros/humble/share/rmw_fastrtps_cpp/cmake)
[1.066s] -- Using RMW implementation 'rmw_fastrtps_cpp' as default
[1.228s] [31mCMake Error at CMakeLists.txt:12 (find_package):
[1.229s]   By not providing "Findrm_server.cmake" in CMAKE_MODULE_PATH this project
[1.230s]   has asked CMake to find a package configuration file provided by
[1.230s]   "rm_server", but CMake did not find one.
[1.230s] 
[1.230s]   Could not find a package configuration file provided by "rm_server" with
[1.230s]   any of the following names:
[1.230s] 
[1.230s]     rm_serverConfig.cmake
[1.230s]     rm_server-config.cmake
[1.232s] 
[1.232s]   Add the installation prefix of "rm_server" to CMAKE_PREFIX_PATH or set
[1.232s]   "rm_server_DIR" to a directory containing one of the above files.  If
[1.233s]   "rm_server" provides a separate development package or SDK, be sure it has
[1.233s]   been installed.
[1.233s] 
[1.233s] [0m
[1.233s] -- Configuring incomplete, errors occurred!
[1.233s] See also "/home/ros2/vscode/homework1_ws/src/CppPkg/build/CppPkg/CMakeFiles/CMakeOutput.log".
[1.255s] Invoked command in '/home/ros2/vscode/homework1_ws/src/CppPkg/build/CppPkg' returned '1': CMAKE_PREFIX_PATH=/opt/ros/humble /usr/bin/cmake /home/ros2/vscode/homework1_ws/src/CppPkg -DCMAKE_INSTALL_PREFIX=/home/ros2/vscode/homework1_ws/src/CppPkg/install/CppPkg
