[0.041s] Invoking command in '/home/ros2/vscode/homework1_ws/src/CppPkg/build/CppPkg': CMAKE_PREFIX_PATH=/opt/ros/humble /usr/bin/cmake /home/ros2/vscode/homework1_ws/src/CppPkg -DCMAKE_INSTALL_PREFIX=/home/ros2/vscode/homework1_ws/src/CppPkg/install/CppPkg
[0.383s] -- The C compiler identification is GNU 11.4.0
[0.683s] -- The CXX compiler identification is GNU 11.4.0
[0.712s] -- Detecting C compiler ABI info
[1.033s] -- Detecting C compiler ABI info - done
[1.072s] -- Check for working C compiler: /usr/bin/cc - skipped
[1.080s] -- Detecting C compile features
[1.080s] -- Detecting C compile features - done
[1.096s] -- Detecting CXX compiler ABI info
[1.431s] -- Detecting CXX compiler ABI info - done
[1.462s] -- Check for working CXX compiler: /usr/bin/c++ - skipped
[1.463s] -- Detecting CXX compile features
[1.469s] -- Detecting CXX compile features - done
[1.475s] -- Found ament_cmake: 1.3.12 (/opt/ros/humble/share/ament_cmake/cmake)
[1.916s] -- Found Python3: /usr/bin/python3 (found version "3.10.12") found components: Interpreter 
[2.175s] -- Found rclcpp: 16.0.17 (/opt/ros/humble/share/rclcpp/cmake)
[2.282s] -- Found rosidl_generator_c: 3.1.8 (/opt/ros/humble/share/rosidl_generator_c/cmake)
[2.297s] -- Found rosidl_adapter: 3.1.8 (/opt/ros/humble/share/rosidl_adapter/cmake)
[2.323s] -- Found rosidl_generator_cpp: 3.1.8 (/opt/ros/humble/share/rosidl_generator_cpp/cmake)
[2.361s] -- Using all available rosidl_typesupport_c: rosidl_typesupport_fastrtps_c;rosidl_typesupport_introspection_c
[2.401s] -- Using all available rosidl_typesupport_cpp: rosidl_typesupport_fastrtps_cpp;rosidl_typesupport_introspection_cpp
[2.525s] -- Found rmw_implementation_cmake: 6.1.2 (/opt/ros/humble/share/rmw_implementation_cmake/cmake)
[2.530s] -- Found rmw_fastrtps_cpp: 6.2.9 (/opt/ros/humble/share/rmw_fastrtps_cpp/cmake)
[2.800s] -- Found OpenSSL: /usr/lib/x86_64-linux-gnu/libcrypto.so (found version "3.0.2")  
[2.895s] -- Found FastRTPS: /opt/ros/humble/include  
[3.009s] -- Using RMW implementation 'rmw_fastrtps_cpp' as default
[3.033s] -- Looking for pthread.h
[3.323s] -- Looking for pthread.h - found
[3.328s] -- Performing Test CMAKE_HAVE_LIBC_PTHREAD
[3.667s] -- Performing Test CMAKE_HAVE_LIBC_PTHREAD - Success
[3.671s] -- Found Threads: TRUE  
[3.876s] [31mCMake Error at CMakeLists.txt:12 (find_package):
[3.876s]   By not providing "Findrm_server.cmake" in CMAKE_MODULE_PATH this project
[3.876s]   has asked CMake to find a package configuration file provided by
[3.877s]   "rm_server", but CMake did not find one.
[3.877s] 
[3.877s]   Could not find a package configuration file provided by "rm_server" with
[3.877s]   any of the following names:
[3.879s] 
[3.879s]     rm_serverConfig.cmake
[3.879s]     rm_server-config.cmake
[3.880s] 
[3.881s]   Add the installation prefix of "rm_server" to CMAKE_PREFIX_PATH or set
[3.881s]   "rm_server_DIR" to a directory containing one of the above files.  If
[3.881s]   "rm_server" provides a separate development package or SDK, be sure it has
[3.882s]   been installed.
[3.883s] 
[3.883s] [0m
[3.883s] -- Configuring incomplete, errors occurred!
[3.886s] See also "/home/ros2/vscode/homework1_ws/src/CppPkg/build/CppPkg/CMakeFiles/CMakeOutput.log".
[3.903s] Invoked command in '/home/ros2/vscode/homework1_ws/src/CppPkg/build/CppPkg' returned '1': CMAKE_PREFIX_PATH=/opt/ros/humble /usr/bin/cmake /home/ros2/vscode/homework1_ws/src/CppPkg -DCMAKE_INSTALL_PREFIX=/home/ros2/vscode/homework1_ws/src/CppPkg/install/CppPkg
